2017-12-07 11:56:19 [helloWorld.Application]-[INFO] Starting Application on ZB-PF0VVYYY with PID 10844 (D:\eclipse\workSpace\helloWorld\target\classes started by zhaojianhong in D:\eclipse\workSpace\helloWorld)
2017-12-07 11:56:19 [helloWorld.Application]-[INFO] No active profile set, falling back to default profiles: default
2017-12-07 11:56:20 [org.springframework.boot.context.embedded.AnnotationConfigEmbeddedWebApplicationContext]-[INFO] Refreshing org.springframework.boot.context.embedded.AnnotationConfigEmbeddedWebApplicationContext@41288b76: startup date [Thu Dec 07 11:56:20 CST 2017]; root of context hierarchy
2017-12-07 11:56:20 [org.hibernate.validator.internal.util.Version]-[INFO] HV000001: Hibernate Validator 5.3.6.Final
2017-12-07 11:56:21 [org.springframework.context.support.PostProcessorRegistrationDelegate$BeanPostProcessorChecker]-[INFO] Bean 'mybatis-org.mybatis.spring.boot.autoconfigure.MybatisProperties' of type [org.mybatis.spring.boot.autoconfigure.MybatisProperties] is not eligible for getting processed by all BeanPostProcessors (for example: not eligible for auto-proxying)
2017-12-07 11:56:21 [org.springframework.context.support.PostProcessorRegistrationDelegate$BeanPostProcessorChecker]-[INFO] Bean 'org.mybatis.spring.boot.autoconfigure.MybatisAutoConfiguration' of type [org.mybatis.spring.boot.autoconfigure.MybatisAutoConfiguration$$EnhancerBySpringCGLIB$$6c535fe5] is not eligible for getting processed by all BeanPostProcessors (for example: not eligible for auto-proxying)
2017-12-07 11:56:21 [org.springframework.context.support.PostProcessorRegistrationDelegate$BeanPostProcessorChecker]-[INFO] Bean 'org.springframework.boot.autoconfigure.jdbc.DataSourceConfiguration$Tomcat' of type [org.springframework.boot.autoconfigure.jdbc.DataSourceConfiguration$Tomcat] is not eligible for getting processed by all BeanPostProcessors (for example: not eligible for auto-proxying)
2017-12-07 11:56:21 [org.springframework.context.support.PostProcessorRegistrationDelegate$BeanPostProcessorChecker]-[INFO] Bean 'spring.datasource-org.springframework.boot.autoconfigure.jdbc.DataSourceProperties' of type [org.springframework.boot.autoconfigure.jdbc.DataSourceProperties] is not eligible for getting processed by all BeanPostProcessors (for example: not eligible for auto-proxying)
2017-12-07 11:56:21 [org.springframework.context.support.PostProcessorRegistrationDelegate$BeanPostProcessorChecker]-[INFO] Bean 'dataSource' of type [org.apache.tomcat.jdbc.pool.DataSource] is not eligible for getting processed by all BeanPostProcessors (for example: not eligible for auto-proxying)
2017-12-07 11:56:22 [org.springframework.context.support.PostProcessorRegistrationDelegate$BeanPostProcessorChecker]-[INFO] Bean 'sqlSessionFactory' of type [org.apache.ibatis.session.defaults.DefaultSqlSessionFactory] is not eligible for getting processed by all BeanPostProcessors (for example: not eligible for auto-proxying)
2017-12-07 11:56:22 [org.springframework.context.support.PostProcessorRegistrationDelegate$BeanPostProcessorChecker]-[INFO] Bean 'sqlSessionTemplate' of type [org.mybatis.spring.SqlSessionTemplate] is not eligible for getting processed by all BeanPostProcessors (for example: not eligible for auto-proxying)
2017-12-07 11:56:22 [org.springframework.context.support.PostProcessorRegistrationDelegate$BeanPostProcessorChecker]-[INFO] Bean 'testMapper' of type [org.mybatis.spring.mapper.MapperFactoryBean] is not eligible for getting processed by all BeanPostProcessors (for example: not eligible for auto-proxying)
2017-12-07 11:56:23 [org.springframework.boot.context.embedded.tomcat.TomcatEmbeddedServletContainer]-[INFO] Tomcat initialized with port(s): 8888 (http)
2017-12-07 11:56:23 [org.springframework.web.context.ContextLoader]-[INFO] Root WebApplicationContext: initialization completed in 3216 ms
2017-12-07 11:56:23 [org.springframework.boot.web.servlet.ServletRegistrationBean]-[INFO] Mapping servlet: 'dispatcherServlet' to [/]
2017-12-07 11:56:23 [org.springframework.boot.web.servlet.FilterRegistrationBean]-[INFO] Mapping filter: 'characterEncodingFilter' to: [/*]
2017-12-07 11:56:23 [org.springframework.boot.web.servlet.FilterRegistrationBean]-[INFO] Mapping filter: 'hiddenHttpMethodFilter' to: [/*]
2017-12-07 11:56:23 [org.springframework.boot.web.servlet.FilterRegistrationBean]-[INFO] Mapping filter: 'httpPutFormContentFilter' to: [/*]
2017-12-07 11:56:23 [org.springframework.boot.web.servlet.FilterRegistrationBean]-[INFO] Mapping filter: 'requestContextFilter' to: [/*]
2017-12-07 11:56:24 [org.springframework.web.servlet.mvc.method.annotation.RequestMappingHandlerAdapter]-[INFO] Looking for @ControllerAdvice: org.springframework.boot.context.embedded.AnnotationConfigEmbeddedWebApplicationContext@41288b76: startup date [Thu Dec 07 11:56:20 CST 2017]; root of context hierarchy
2017-12-07 11:56:24 [org.springframework.web.servlet.mvc.method.annotation.RequestMappingHandlerMapping]-[INFO] Mapped "{[/test/test]}" onto public java.lang.String helloWorld.controller.TestController.test()
2017-12-07 11:56:24 [org.springframework.web.servlet.mvc.method.annotation.RequestMappingHandlerMapping]-[INFO] Mapped "{[/test/testMybatis]}" onto public java.lang.String helloWorld.controller.TestController.testMybatis()
2017-12-07 11:56:24 [org.springframework.web.servlet.mvc.method.annotation.RequestMappingHandlerMapping]-[INFO] Mapped "{[/test/testJdbc]}" onto public java.lang.String helloWorld.controller.TestController.testJdbc()
2017-12-07 11:56:24 [org.springframework.web.servlet.mvc.method.annotation.RequestMappingHandlerMapping]-[INFO] Mapped "{[/error]}" onto public org.springframework.http.ResponseEntity<java.util.Map<java.lang.String, java.lang.Object>> org.springframework.boot.autoconfigure.web.BasicErrorController.error(javax.servlet.http.HttpServletRequest)
2017-12-07 11:56:24 [org.springframework.web.servlet.mvc.method.annotation.RequestMappingHandlerMapping]-[INFO] Mapped "{[/error],produces=[text/html]}" onto public org.springframework.web.servlet.ModelAndView org.springframework.boot.autoconfigure.web.BasicErrorController.errorHtml(javax.servlet.http.HttpServletRequest,javax.servlet.http.HttpServletResponse)
2017-12-07 11:56:24 [org.springframework.web.servlet.handler.SimpleUrlHandlerMapping]-[INFO] Mapped URL path [/webjars/**] onto handler of type [class org.springframework.web.servlet.resource.ResourceHttpRequestHandler]
2017-12-07 11:56:24 [org.springframework.web.servlet.handler.SimpleUrlHandlerMapping]-[INFO] Mapped URL path [/**] onto handler of type [class org.springframework.web.servlet.resource.ResourceHttpRequestHandler]
2017-12-07 11:56:24 [org.springframework.web.servlet.handler.SimpleUrlHandlerMapping]-[INFO] Mapped URL path [/**/favicon.ico] onto handler of type [class org.springframework.web.servlet.resource.ResourceHttpRequestHandler]
2017-12-07 11:56:24 [org.springframework.jmx.export.annotation.AnnotationMBeanExporter]-[INFO] Registering beans for JMX exposure on startup
2017-12-07 11:56:25 [org.springframework.boot.context.embedded.tomcat.TomcatEmbeddedServletContainer]-[INFO] Tomcat started on port(s): 8888 (http)
2017-12-07 11:56:25 [helloWorld.Application]-[INFO] Started Application in 5.63 seconds (JVM running for 6.026)
2017-12-07 11:56:53 [org.springframework.web.servlet.DispatcherServlet]-[INFO] FrameworkServlet 'dispatcherServlet': initialization started
2017-12-07 11:56:53 [org.springframework.web.servlet.DispatcherServlet]-[INFO] FrameworkServlet 'dispatcherServlet': initialization completed in 33 ms
2017-12-07 12:30:35 [helloWorld.Application]-[INFO] Starting Application on ZB-PF0VVYYY with PID 5008 (D:\eclipse\workSpace\helloWorld\target\classes started by zhaojianhong in D:\eclipse\workSpace\helloWorld)
2017-12-07 12:30:35 [helloWorld.Application]-[INFO] No active profile set, falling back to default profiles: default
2017-12-07 12:30:35 [org.springframework.boot.context.embedded.AnnotationConfigEmbeddedWebApplicationContext]-[INFO] Refreshing org.springframework.boot.context.embedded.AnnotationConfigEmbeddedWebApplicationContext@7b65c301: startup date [Thu Dec 07 12:30:35 CST 2017]; root of context hierarchy
2017-12-07 12:30:36 [org.hibernate.validator.internal.util.Version]-[INFO] HV000001: Hibernate Validator 5.3.6.Final
2017-12-07 12:30:37 [org.springframework.context.support.PostProcessorRegistrationDelegate$BeanPostProcessorChecker]-[INFO] Bean 'mybatis-org.mybatis.spring.boot.autoconfigure.MybatisProperties' of type [org.mybatis.spring.boot.autoconfigure.MybatisProperties] is not eligible for getting processed by all BeanPostProcessors (for example: not eligible for auto-proxying)
2017-12-07 12:30:37 [org.springframework.context.support.PostProcessorRegistrationDelegate$BeanPostProcessorChecker]-[INFO] Bean 'org.mybatis.spring.boot.autoconfigure.MybatisAutoConfiguration' of type [org.mybatis.spring.boot.autoconfigure.MybatisAutoConfiguration$$EnhancerBySpringCGLIB$$e8f3f7b4] is not eligible for getting processed by all BeanPostProcessors (for example: not eligible for auto-proxying)
2017-12-07 12:30:37 [org.springframework.context.support.PostProcessorRegistrationDelegate$BeanPostProcessorChecker]-[INFO] Bean 'org.springframework.boot.autoconfigure.jdbc.DataSourceConfiguration$Tomcat' of type [org.springframework.boot.autoconfigure.jdbc.DataSourceConfiguration$Tomcat] is not eligible for getting processed by all BeanPostProcessors (for example: not eligible for auto-proxying)
2017-12-07 12:30:37 [org.springframework.context.support.PostProcessorRegistrationDelegate$BeanPostProcessorChecker]-[INFO] Bean 'spring.datasource-org.springframework.boot.autoconfigure.jdbc.DataSourceProperties' of type [org.springframework.boot.autoconfigure.jdbc.DataSourceProperties] is not eligible for getting processed by all BeanPostProcessors (for example: not eligible for auto-proxying)
2017-12-07 12:30:37 [org.springframework.context.support.PostProcessorRegistrationDelegate$BeanPostProcessorChecker]-[INFO] Bean 'dataSource' of type [org.apache.tomcat.jdbc.pool.DataSource] is not eligible for getting processed by all BeanPostProcessors (for example: not eligible for auto-proxying)
2017-12-07 12:30:38 [org.springframework.context.support.PostProcessorRegistrationDelegate$BeanPostProcessorChecker]-[INFO] Bean 'sqlSessionFactory' of type [org.apache.ibatis.session.defaults.DefaultSqlSessionFactory] is not eligible for getting processed by all BeanPostProcessors (for example: not eligible for auto-proxying)
2017-12-07 12:30:38 [org.springframework.context.support.PostProcessorRegistrationDelegate$BeanPostProcessorChecker]-[INFO] Bean 'sqlSessionTemplate' of type [org.mybatis.spring.SqlSessionTemplate] is not eligible for getting processed by all BeanPostProcessors (for example: not eligible for auto-proxying)
2017-12-07 12:30:38 [org.springframework.context.support.PostProcessorRegistrationDelegate$BeanPostProcessorChecker]-[INFO] Bean 'testMapper' of type [org.mybatis.spring.mapper.MapperFactoryBean] is not eligible for getting processed by all BeanPostProcessors (for example: not eligible for auto-proxying)
2017-12-07 12:30:39 [org.springframework.boot.context.embedded.tomcat.TomcatEmbeddedServletContainer]-[INFO] Tomcat initialized with port(s): 8888 (http)
2017-12-07 12:30:39 [org.springframework.web.context.ContextLoader]-[INFO] Root WebApplicationContext: initialization completed in 3865 ms
2017-12-07 12:30:39 [org.springframework.boot.web.servlet.ServletRegistrationBean]-[INFO] Mapping servlet: 'dispatcherServlet' to [/]
2017-12-07 12:30:39 [org.springframework.boot.web.servlet.FilterRegistrationBean]-[INFO] Mapping filter: 'characterEncodingFilter' to: [/*]
2017-12-07 12:30:39 [org.springframework.boot.web.servlet.FilterRegistrationBean]-[INFO] Mapping filter: 'hiddenHttpMethodFilter' to: [/*]
2017-12-07 12:30:39 [org.springframework.boot.web.servlet.FilterRegistrationBean]-[INFO] Mapping filter: 'httpPutFormContentFilter' to: [/*]
2017-12-07 12:30:39 [org.springframework.boot.web.servlet.FilterRegistrationBean]-[INFO] Mapping filter: 'requestContextFilter' to: [/*]
2017-12-07 12:30:40 [org.springframework.web.servlet.mvc.method.annotation.RequestMappingHandlerAdapter]-[INFO] Looking for @ControllerAdvice: org.springframework.boot.context.embedded.AnnotationConfigEmbeddedWebApplicationContext@7b65c301: startup date [Thu Dec 07 12:30:35 CST 2017]; root of context hierarchy
2017-12-07 12:30:40 [org.springframework.web.servlet.mvc.method.annotation.RequestMappingHandlerMapping]-[INFO] Mapped "{[/test/test]}" onto public java.lang.String helloWorld.controller.TestController.test()
2017-12-07 12:30:40 [org.springframework.web.servlet.mvc.method.annotation.RequestMappingHandlerMapping]-[INFO] Mapped "{[/test/testMybatis]}" onto public java.lang.String helloWorld.controller.TestController.testMybatis()
2017-12-07 12:30:40 [org.springframework.web.servlet.mvc.method.annotation.RequestMappingHandlerMapping]-[INFO] Mapped "{[/test/testJdbc]}" onto public java.lang.String helloWorld.controller.TestController.testJdbc()
2017-12-07 12:30:40 [org.springframework.web.servlet.mvc.method.annotation.RequestMappingHandlerMapping]-[INFO] Mapped "{[/error]}" onto public org.springframework.http.ResponseEntity<java.util.Map<java.lang.String, java.lang.Object>> org.springframework.boot.autoconfigure.web.BasicErrorController.error(javax.servlet.http.HttpServletRequest)
2017-12-07 12:30:40 [org.springframework.web.servlet.mvc.method.annotation.RequestMappingHandlerMapping]-[INFO] Mapped "{[/error],produces=[text/html]}" onto public org.springframework.web.servlet.ModelAndView org.springframework.boot.autoconfigure.web.BasicErrorController.errorHtml(javax.servlet.http.HttpServletRequest,javax.servlet.http.HttpServletResponse)
2017-12-07 12:30:40 [org.springframework.web.servlet.handler.SimpleUrlHandlerMapping]-[INFO] Mapped URL path [/webjars/**] onto handler of type [class org.springframework.web.servlet.resource.ResourceHttpRequestHandler]
2017-12-07 12:30:40 [org.springframework.web.servlet.handler.SimpleUrlHandlerMapping]-[INFO] Mapped URL path [/**] onto handler of type [class org.springframework.web.servlet.resource.ResourceHttpRequestHandler]
2017-12-07 12:30:40 [org.springframework.web.servlet.handler.SimpleUrlHandlerMapping]-[INFO] Mapped URL path [/**/favicon.ico] onto handler of type [class org.springframework.web.servlet.resource.ResourceHttpRequestHandler]
2017-12-07 12:30:41 [org.springframework.jmx.export.annotation.AnnotationMBeanExporter]-[INFO] Registering beans for JMX exposure on startup
2017-12-07 12:30:41 [org.springframework.boot.context.embedded.tomcat.TomcatEmbeddedServletContainer]-[INFO] Tomcat started on port(s): 8888 (http)
2017-12-07 12:30:41 [helloWorld.Application]-[INFO] Started Application in 6.913 seconds (JVM running for 7.575)
2017-12-07 13:38:49 [helloWorld.Application]-[INFO] Starting Application on ZB-PF0VVYYY with PID 12452 (D:\eclipse\workSpace\helloWorld\target\classes started by zhaojianhong in D:\eclipse\workSpace\helloWorld)
2017-12-07 13:38:49 [helloWorld.Application]-[INFO] No active profile set, falling back to default profiles: default
2017-12-07 13:38:49 [org.springframework.boot.context.embedded.AnnotationConfigEmbeddedWebApplicationContext]-[INFO] Refreshing org.springframework.boot.context.embedded.AnnotationConfigEmbeddedWebApplicationContext@3f271f41: startup date [Thu Dec 07 13:38:49 CST 2017]; root of context hierarchy
2017-12-07 13:38:50 [org.hibernate.validator.internal.util.Version]-[INFO] HV000001: Hibernate Validator 5.3.6.Final
2017-12-07 13:38:51 [org.springframework.context.support.PostProcessorRegistrationDelegate$BeanPostProcessorChecker]-[INFO] Bean 'mybatis-org.mybatis.spring.boot.autoconfigure.MybatisProperties' of type [org.mybatis.spring.boot.autoconfigure.MybatisProperties] is not eligible for getting processed by all BeanPostProcessors (for example: not eligible for auto-proxying)
2017-12-07 13:38:51 [org.springframework.context.support.PostProcessorRegistrationDelegate$BeanPostProcessorChecker]-[INFO] Bean 'org.mybatis.spring.boot.autoconfigure.MybatisAutoConfiguration' of type [org.mybatis.spring.boot.autoconfigure.MybatisAutoConfiguration$$EnhancerBySpringCGLIB$$6c535fe5] is not eligible for getting processed by all BeanPostProcessors (for example: not eligible for auto-proxying)
2017-12-07 13:38:51 [org.springframework.context.support.PostProcessorRegistrationDelegate$BeanPostProcessorChecker]-[INFO] Bean 'org.springframework.boot.autoconfigure.jdbc.DataSourceConfiguration$Tomcat' of type [org.springframework.boot.autoconfigure.jdbc.DataSourceConfiguration$Tomcat] is not eligible for getting processed by all BeanPostProcessors (for example: not eligible for auto-proxying)
2017-12-07 13:38:51 [org.springframework.context.support.PostProcessorRegistrationDelegate$BeanPostProcessorChecker]-[INFO] Bean 'spring.datasource-org.springframework.boot.autoconfigure.jdbc.DataSourceProperties' of type [org.springframework.boot.autoconfigure.jdbc.DataSourceProperties] is not eligible for getting processed by all BeanPostProcessors (for example: not eligible for auto-proxying)
2017-12-07 13:38:51 [org.springframework.context.support.PostProcessorRegistrationDelegate$BeanPostProcessorChecker]-[INFO] Bean 'dataSource' of type [org.apache.tomcat.jdbc.pool.DataSource] is not eligible for getting processed by all BeanPostProcessors (for example: not eligible for auto-proxying)
2017-12-07 13:38:52 [org.springframework.context.support.PostProcessorRegistrationDelegate$BeanPostProcessorChecker]-[INFO] Bean 'sqlSessionFactory' of type [org.apache.ibatis.session.defaults.DefaultSqlSessionFactory] is not eligible for getting processed by all BeanPostProcessors (for example: not eligible for auto-proxying)
2017-12-07 13:38:52 [org.springframework.context.support.PostProcessorRegistrationDelegate$BeanPostProcessorChecker]-[INFO] Bean 'sqlSessionTemplate' of type [org.mybatis.spring.SqlSessionTemplate] is not eligible for getting processed by all BeanPostProcessors (for example: not eligible for auto-proxying)
2017-12-07 13:38:52 [org.springframework.context.support.PostProcessorRegistrationDelegate$BeanPostProcessorChecker]-[INFO] Bean 'testMapper' of type [org.mybatis.spring.mapper.MapperFactoryBean] is not eligible for getting processed by all BeanPostProcessors (for example: not eligible for auto-proxying)
2017-12-07 13:38:52 [org.springframework.boot.context.embedded.tomcat.TomcatEmbeddedServletContainer]-[INFO] Tomcat initialized with port(s): 8888 (http)
2017-12-07 13:38:53 [org.springframework.web.context.ContextLoader]-[INFO] Root WebApplicationContext: initialization completed in 3360 ms
2017-12-07 13:38:53 [org.springframework.boot.web.servlet.ServletRegistrationBean]-[INFO] Mapping servlet: 'dispatcherServlet' to [/]
2017-12-07 13:38:53 [org.springframework.boot.web.servlet.FilterRegistrationBean]-[INFO] Mapping filter: 'characterEncodingFilter' to: [/*]
2017-12-07 13:38:53 [org.springframework.boot.web.servlet.FilterRegistrationBean]-[INFO] Mapping filter: 'hiddenHttpMethodFilter' to: [/*]
2017-12-07 13:38:53 [org.springframework.boot.web.servlet.FilterRegistrationBean]-[INFO] Mapping filter: 'httpPutFormContentFilter' to: [/*]
2017-12-07 13:38:53 [org.springframework.boot.web.servlet.FilterRegistrationBean]-[INFO] Mapping filter: 'requestContextFilter' to: [/*]
2017-12-07 13:38:53 [org.springframework.web.servlet.mvc.method.annotation.RequestMappingHandlerAdapter]-[INFO] Looking for @ControllerAdvice: org.springframework.boot.context.embedded.AnnotationConfigEmbeddedWebApplicationContext@3f271f41: startup date [Thu Dec 07 13:38:49 CST 2017]; root of context hierarchy
2017-12-07 13:38:54 [org.springframework.web.servlet.mvc.method.annotation.RequestMappingHandlerMapping]-[INFO] Mapped "{[/test/test]}" onto public java.lang.String helloWorld.controller.TestController.test()
2017-12-07 13:38:54 [org.springframework.web.servlet.mvc.method.annotation.RequestMappingHandlerMapping]-[INFO] Mapped "{[/test/testJdbc]}" onto public java.lang.String helloWorld.controller.TestController.testJdbc()
2017-12-07 13:38:54 [org.springframework.web.servlet.mvc.method.annotation.RequestMappingHandlerMapping]-[INFO] Mapped "{[/test/testMybatis]}" onto public java.lang.String helloWorld.controller.TestController.testMybatis()
2017-12-07 13:38:54 [org.springframework.web.servlet.mvc.method.annotation.RequestMappingHandlerMapping]-[INFO] Mapped "{[/error]}" onto public org.springframework.http.ResponseEntity<java.util.Map<java.lang.String, java.lang.Object>> org.springframework.boot.autoconfigure.web.BasicErrorController.error(javax.servlet.http.HttpServletRequest)
2017-12-07 13:38:54 [org.springframework.web.servlet.mvc.method.annotation.RequestMappingHandlerMapping]-[INFO] Mapped "{[/error],produces=[text/html]}" onto public org.springframework.web.servlet.ModelAndView org.springframework.boot.autoconfigure.web.BasicErrorController.errorHtml(javax.servlet.http.HttpServletRequest,javax.servlet.http.HttpServletResponse)
2017-12-07 13:38:54 [org.springframework.web.servlet.handler.SimpleUrlHandlerMapping]-[INFO] Mapped URL path [/webjars/**] onto handler of type [class org.springframework.web.servlet.resource.ResourceHttpRequestHandler]
2017-12-07 13:38:54 [org.springframework.web.servlet.handler.SimpleUrlHandlerMapping]-[INFO] Mapped URL path [/**] onto handler of type [class org.springframework.web.servlet.resource.ResourceHttpRequestHandler]
2017-12-07 13:38:54 [org.springframework.web.servlet.handler.SimpleUrlHandlerMapping]-[INFO] Mapped URL path [/**/favicon.ico] onto handler of type [class org.springframework.web.servlet.resource.ResourceHttpRequestHandler]
2017-12-07 13:38:54 [org.springframework.jmx.export.annotation.AnnotationMBeanExporter]-[INFO] Registering beans for JMX exposure on startup
2017-12-07 13:38:54 [org.springframework.boot.context.embedded.tomcat.TomcatEmbeddedServletContainer]-[INFO] Tomcat started on port(s): 8888 (http)
2017-12-07 13:38:54 [helloWorld.Application]-[INFO] Started Application in 5.589 seconds (JVM running for 5.977)
2017-12-07 13:39:19 [org.springframework.web.servlet.DispatcherServlet]-[INFO] FrameworkServlet 'dispatcherServlet': initialization started
2017-12-07 13:39:19 [org.springframework.web.servlet.DispatcherServlet]-[INFO] FrameworkServlet 'dispatcherServlet': initialization completed in 73 ms
2017-12-07 13:39:20 [helloWorld.service.impl.TestServiceImpl]-[INFO] 第一条测试日志输出成功
